#
# There is insufficient memory for the Java Runtime Environment to continue.
# Native memory allocation (malloc) failed to allocate 1207376 bytes for Chunk::new
# Possible reasons:
#   The system is out of physical RAM or swap space
#   In 32 bit mode, the process size limit was hit
# Possible solutions:
#   Reduce memory load on the system
#   Increase physical memory or swap space
#   Check if swap backing store is full
#   Use 64 bit Java on a 64 bit OS
#   Decrease Java heap size (-Xmx/-Xms)
#   Decrease number of Java threads
#   Decrease Java thread stack sizes (-Xss)
#   Set larger code cache with -XX:ReservedCodeCacheSize=
# This output file may be truncated or incomplete.
#
#  Out of Memory Error (allocation.cpp:390), pid=348, tid=0x00000000000027e0
#
# JRE version: Java(TM) SE Runtime Environment (8.0_172-b11) (build 1.8.0_172-b11)
# Java VM: Java HotSpot(TM) 64-Bit Server VM (25.172-b11 mixed mode windows-amd64 compressed oops)
# Failed to write core dump. Minidumps are not enabled by default on client versions of Windows
#

---------------  T H R E A D  ---------------

Current thread (0x0000000015549800):  JavaThread "C2 CompilerThread0" daemon [_thread_in_native, id=10208, stack(0x0000000016ba0000,0x0000000016ca0000)]

Stack: [0x0000000016ba0000,0x0000000016ca0000]
[error occurred during error reporting (printing stack bounds), id 0xc0000005]

Native frames: (J=compiled Java code, j=interpreted, Vv=VM code, C=native code)


Current CompileTask:
C2:  22529 2980 %     4       com.android.dx.dex.code.OutputFinisher::getAllConstants @ 18 (47 bytes)


---------------  P R O C E S S  ---------------

Java Threads: ( => current thread )
  0x0000000016eb0800 JavaThread "Service Thread" daemon [_thread_blocked, id=2872, stack(0x00000000172a0000,0x00000000173a0000)]
  0x000000001555a800 JavaThread "C1 CompilerThread2" daemon [_thread_blocked, id=11276, stack(0x0000000016da0000,0x0000000016ea0000)]
  0x0000000015556800 JavaThread "C2 CompilerThread1" daemon [_thread_in_native, id=16284, stack(0x0000000016ca0000,0x0000000016da0000)]
=>0x0000000015549800 JavaThread "C2 CompilerThread0" daemon [_thread_in_native, id=10208, stack(0x0000000016ba0000,0x0000000016ca0000)]
  0x0000000015548000 JavaThread "Attach Listener" daemon [_thread_blocked, id=6244, stack(0x0000000016aa0000,0x0000000016ba0000)]
  0x0000000015545000 JavaThread "Signal Dispatcher" daemon [_thread_blocked, id=3116, stack(0x00000000169a0000,0x0000000016aa0000)]
  0x0000000002e6c000 JavaThread "Finalizer" daemon [_thread_blocked, id=8512, stack(0x00000000167a0000,0x00000000168a0000)]
  0x0000000002e63000 JavaThread "Reference Handler" daemon [_thread_blocked, id=11360, stack(0x00000000166a0000,0x00000000167a0000)]
  0x0000000002d72800 JavaThread "main" [_thread_in_Java, id=8664, stack(0x0000000002be0000,0x0000000002ce0000)]

Other Threads:
  0x0000000015507000 VMThread [stack: 0x00000000165a0000,0x00000000166a0000] [id=7472]
  0x0000000016ef4000 WatcherThread [stack: 0x00000000173a0000,0x00000000174a0000] [id=10084]

VM state:not at safepoint (normal execution)

VM Mutex/Monitor currently owned by a thread: None

Heap:
 PSYoungGen      total 165888K, used 92443K [0x00000000eab00000, 0x00000000ff780000, 0x0000000100000000)
  eden space 143872K, 49% used [0x00000000eab00000,0x00000000ef0209f0,0x00000000f3780000)
  from space 22016K, 98% used [0x00000000f3780000,0x00000000f4ca6560,0x00000000f4d00000)
  to   space 98304K, 0% used [0x00000000f9780000,0x00000000f9780000,0x00000000ff780000)
 ParOldGen       total 335872K, used 252064K [0x00000000c0000000, 0x00000000d4800000, 0x00000000eab00000)
  object space 335872K, 75% used [0x00000000c0000000,0x00000000cf6280a0,0x00000000d4800000)
 Metaspace       used 6841K, capacity 7384K, committed 7680K, reserved 1056768K
  class space    used 643K, capacity 656K, committed 768K, reserved 1048576K

Card table byte_map: [0x0000000012230000,0x0000000012440000] byte_map_base: 0x0000000011c30000

Marking Bits: (ParMarkBitMap*) 0x00000000728a3c10
 Begin Bits: [0x00000000129a0000, 0x00000000139a0000)
 End Bits:   [0x00000000139a0000, 0x00000000149a0000)

Polling page: 0x00000000029f0000

CodeCache: size=245760Kb used=10366Kb max_used=13826Kb free=235393Kb
 bounds [0x0000000002e70000, 0x0000000003c30000, 0x0000000011e70000]
 total_blobs=2476 nmethods=2206 adapters=183
 compilation: enabled

Compilation events (10 events):
Event: 22.219 Thread 0x000000001555a800 2983       2       java.util.HashSet::<init> (17 bytes)
Event: 22.220 Thread 0x000000001555a800 nmethod 2983 0x00000000033a1e50 code [0x00000000033a1fe0, 0x00000000033a21e8]
Event: 22.237 Thread 0x000000001555a800 2984       2       com.android.dx.dex.code.StdCatchBuilder::getCatchTypes (97 bytes)
Event: 22.238 Thread 0x000000001555a800 nmethod 2984 0x000000000328c7d0 code [0x000000000328c9e0, 0x000000000328cf78]
Event: 22.279 Thread 0x000000001555a800 2985  s    2       com.android.dx.dex.file.TypeIdsSection::intern (62 bytes)
Event: 22.280 Thread 0x000000001555a800 nmethod 2985 0x0000000003037490 code [0x0000000003037640, 0x0000000003037c68]
Event: 22.413 Thread 0x000000001555a800 2987 %     3       com.android.dx.dex.code.StdCatchBuilder::getCatchTypes @ 26 (97 bytes)
Event: 22.414 Thread 0x000000001555a800 nmethod 2987% 0x00000000037cf5d0 code [0x00000000037cf8a0, 0x00000000037d0f18]
Event: 22.415 Thread 0x000000001555a800 2988       3       com.android.dx.dex.code.StdCatchBuilder::getCatchTypes (97 bytes)
Event: 22.416 Thread 0x000000001555a800 nmethod 2988 0x00000000037bf310 code [0x00000000037bf5e0, 0x00000000037c0bb8]

GC Heap History (10 events):
Event: 16.478 GC heap before
{Heap before GC invocations=14 (full 2):
 PSYoungGen      total 259072K, used 259067K [0x00000000eab00000, 0x0000000100000000, 0x0000000100000000)
  eden space 197120K, 100% used [0x00000000eab00000,0x00000000f6b80000,0x00000000f6b80000)
  from space 61952K, 99% used [0x00000000f6b80000,0x00000000fa7feff0,0x00000000fa800000)
  to   space 80896K, 0% used [0x00000000fb100000,0x00000000fb100000,0x0000000100000000)
 ParOldGen       total 196096K, used 120076K [0x00000000c0000000, 0x00000000cbf80000, 0x00000000eab00000)
  object space 196096K, 61% used [0x00000000c0000000,0x00000000c75431e8,0x00000000cbf80000)
 Metaspace       used 6721K, capacity 7320K, committed 7680K, reserved 1056768K
  class space    used 638K, capacity 656K, committed 768K, reserved 1048576K
Event: 16.731 GC heap after
Heap after GC invocations=14 (full 2):
 PSYoungGen      total 234496K, used 80873K [0x00000000eab00000, 0x0000000100000000, 0x0000000100000000)
  eden space 153600K, 0% used [0x00000000eab00000,0x00000000eab00000,0x00000000f4100000)
  from space 80896K, 99% used [0x00000000fb100000,0x00000000ffffa408,0x0000000100000000)
  to   space 97792K, 0% used [0x00000000f4100000,0x00000000f4100000,0x00000000fa080000)
 ParOldGen       total 196096K, used 129454K [0x00000000c0000000, 0x00000000cbf80000, 0x00000000eab00000)
  object space 196096K, 66% used [0x00000000c0000000,0x00000000c7e6bb78,0x00000000cbf80000)
 Metaspace       used 6721K, capacity 7320K, committed 7680K, reserved 1056768K
  class space    used 638K, capacity 656K, committed 768K, reserved 1048576K
}
Event: 17.446 GC heap before
{Heap before GC invocations=15 (full 2):
 PSYoungGen      total 234496K, used 234473K [0x00000000eab00000, 0x0000000100000000, 0x0000000100000000)
  eden space 153600K, 100% used [0x00000000eab00000,0x00000000f4100000,0x00000000f4100000)
  from space 80896K, 99% used [0x00000000fb100000,0x00000000ffffa408,0x0000000100000000)
  to   space 97792K, 0% used [0x00000000f4100000,0x00000000f4100000,0x00000000fa080000)
 ParOldGen       total 196096K, used 129454K [0x00000000c0000000, 0x00000000cbf80000, 0x00000000eab00000)
  object space 196096K, 66% used [0x00000000c0000000,0x00000000c7e6bb78,0x00000000cbf80000)
 Metaspace       used 6723K, capacity 7320K, committed 7680K, reserved 1056768K
  class space    used 638K, capacity 656K, committed 768K, reserved 1048576K
Event: 17.631 GC heap after
Heap after GC invocations=15 (full 2):
 PSYoungGen      total 228352K, used 74476K [0x00000000eab00000, 0x0000000100000000, 0x0000000100000000)
  eden space 153600K, 0% used [0x00000000eab00000,0x00000000eab00000,0x00000000f4100000)
  from space 74752K, 99% used [0x00000000f4100000,0x00000000f89bb0a8,0x00000000f8a00000)
  to   space 104960K, 0% used [0x00000000f9980000,0x00000000f9980000,0x0000000100000000)
 ParOldGen       total 196096K, used 158584K [0x00000000c0000000, 0x00000000cbf80000, 0x00000000eab00000)
  object space 196096K, 80% used [0x00000000c0000000,0x00000000c9ade160,0x00000000cbf80000)
 Metaspace       used 6723K, capacity 7320K, committed 7680K, reserved 1056768K
  class space    used 638K, capacity 656K, committed 768K, reserved 1048576K
}
Event: 18.336 GC heap before
{Heap before GC invocations=16 (full 2):
 PSYoungGen      total 228352K, used 228076K [0x00000000eab00000, 0x0000000100000000, 0x0000000100000000)
  eden space 153600K, 100% used [0x00000000eab00000,0x00000000f4100000,0x00000000f4100000)
  from space 74752K, 99% used [0x00000000f4100000,0x00000000f89bb0a8,0x00000000f8a00000)
  to   space 104960K, 0% used [0x00000000f9980000,0x00000000f9980000,0x0000000100000000)
 ParOldGen       total 196096K, used 158584K [0x00000000c0000000, 0x00000000cbf80000, 0x00000000eab00000)
  object space 196096K, 80% used [0x00000000c0000000,0x00000000c9ade160,0x00000000cbf80000)
 Metaspace       used 6739K, capacity 7320K, committed 7680K, reserved 1056768K
  class space    used 638K, capacity 656K, committed 768K, reserved 1048576K
Event: 18.528 GC heap after
Heap after GC invocations=16 (full 2):
 PSYoungGen      total 248832K, used 45908K [0x00000000eab00000, 0x0000000100000000, 0x0000000100000000)
  eden space 143872K, 0% used [0x00000000eab00000,0x00000000eab00000,0x00000000f3780000)
  from space 104960K, 43% used [0x00000000f9980000,0x00000000fc655270,0x0000000100000000)
  to   space 100352K, 0% used [0x00000000f3780000,0x00000000f3780000,0x00000000f9980000)
 ParOldGen       total 210944K, used 210577K [0x00000000c0000000, 0x00000000cce00000, 0x00000000eab00000)
  object space 210944K, 99% used [0x00000000c0000000,0x00000000ccda4778,0x00000000cce00000)
 Metaspace       used 6739K, capacity 7320K, committed 7680K, reserved 1056768K
  class space    used 638K, capacity 656K, committed 768K, reserved 1048576K
}
Event: 18.528 GC heap before
{Heap before GC invocations=17 (full 3):
 PSYoungGen      total 248832K, used 45908K [0x00000000eab00000, 0x0000000100000000, 0x0000000100000000)
  eden space 143872K, 0% used [0x00000000eab00000,0x00000000eab00000,0x00000000f3780000)
  from space 104960K, 43% used [0x00000000f9980000,0x00000000fc655270,0x0000000100000000)
  to   space 100352K, 0% used [0x00000000f3780000,0x00000000f3780000,0x00000000f9980000)
 ParOldGen       total 210944K, used 210577K [0x00000000c0000000, 0x00000000cce00000, 0x00000000eab00000)
  object space 210944K, 99% used [0x00000000c0000000,0x00000000ccda4778,0x00000000cce00000)
 Metaspace       used 6739K, capacity 7320K, committed 7680K, reserved 1056768K
  class space    used 638K, capacity 656K, committed 768K, reserved 1048576K
Event: 20.686 GC heap after
Heap after GC invocations=17 (full 3):
 PSYoungGen      total 248832K, used 42078K [0x00000000eab00000, 0x0000000100000000, 0x0000000100000000)
  eden space 143872K, 0% used [0x00000000eab00000,0x00000000eab00000,0x00000000f3780000)
  from space 104960K, 40% used [0x00000000f9980000,0x00000000fc297b48,0x0000000100000000)
  to   space 100352K, 0% used [0x00000000f3780000,0x00000000f3780000,0x00000000f9980000)
 ParOldGen       total 335872K, used 210757K [0x00000000c0000000, 0x00000000d4800000, 0x00000000eab00000)
  object space 335872K, 62% used [0x00000000c0000000,0x00000000ccdd17e0,0x00000000d4800000)
 Metaspace       used 6739K, capacity 7320K, committed 7680K, reserved 1056768K
  class space    used 638K, capacity 656K, committed 768K, reserved 1048576K
}
Event: 21.282 GC heap before
{Heap before GC invocations=18 (full 3):
 PSYoungGen      total 248832K, used 185950K [0x00000000eab00000, 0x0000000100000000, 0x0000000100000000)
  eden space 143872K, 100% used [0x00000000eab00000,0x00000000f3780000,0x00000000f3780000)
  from space 104960K, 40% used [0x00000000f9980000,0x00000000fc297b48,0x0000000100000000)
  to   space 100352K, 0% used [0x00000000f3780000,0x00000000f3780000,0x00000000f9980000)
 ParOldGen       total 335872K, used 210757K [0x00000000c0000000, 0x00000000d4800000, 0x00000000eab00000)
  object space 335872K, 62% used [0x00000000c0000000,0x00000000ccdd17e0,0x00000000d4800000)
 Metaspace       used 6739K, capacity 7320K, committed 7680K, reserved 1056768K
  class space    used 638K, capacity 656K, committed 768K, reserved 1048576K
Event: 21.492 GC heap after
Heap after GC invocations=18 (full 3):
 PSYoungGen      total 165888K, used 21657K [0x00000000eab00000, 0x00000000ff780000, 0x0000000100000000)
  eden space 143872K, 0% used [0x00000000eab00000,0x00000000eab00000,0x00000000f3780000)
  from space 22016K, 98% used [0x00000000f3780000,0x00000000f4ca6560,0x00000000f4d00000)
  to   space 98304K, 0% used [0x00000000f9780000,0x00000000f9780000,0x00000000ff780000)
 ParOldGen       total 335872K, used 252064K [0x00000000c0000000, 0x00000000d4800000, 0x00000000eab00000)
  object space 335872K, 75% used [0x00000000c0000000,0x00000000cf6280a0,0x00000000d4800000)
 Metaspace       used 6739K, capacity 7320K, committed 7680K, reserved 1056768K
  class space    used 638K, capacity 656K, committed 768K, reserved 1048576K
}

Deoptimization events (10 events):
Event: 17.937 Thread 0x0000000017199800 Uncommon trap: reason=unstable_if action=reinterpret pc=0x0000000003919730 method=com.android.dx.rop.code.RegisterSpec.equals(ILcom/android/dx/rop/type/TypeBearer;Lcom/android/dx/rop/code/LocalItem;)Z @ 42
Event: 17.938 Thread 0x0000000017199800 Uncommon trap: reason=unstable_if action=reinterpret pc=0x00000000039901f0 method=com.android.dx.rop.code.RegisterSpec.equals(ILcom/android/dx/rop/type/TypeBearer;Lcom/android/dx/rop/code/LocalItem;)Z @ 42
Event: 18.080 Thread 0x0000000017199800 Uncommon trap: reason=class_check action=maybe_recompile pc=0x000000000327a194 method=com.android.dx.ssa.back.FirstFitLocalCombiningAllocator.findNextUnreservedRopReg(IILcom/android/dx/ssa/back/FirstFitLocalCombiningAllocator$Alignment;)I @ 60
Event: 21.130 Thread 0x0000000002d72800 Uncommon trap: reason=class_check action=maybe_recompile pc=0x000000000327a194 method=com.android.dx.ssa.back.FirstFitLocalCombiningAllocator.findNextUnreservedRopReg(IILcom/android/dx/ssa/back/FirstFitLocalCombiningAllocator$Alignment;)I @ 60
Event: 21.158 Thread 0x0000000002d72800 Uncommon trap: reason=class_check action=maybe_recompile pc=0x000000000327a194 method=com.android.dx.ssa.back.FirstFitLocalCombiningAllocator.findNextUnreservedRopReg(IILcom/android/dx/ssa/back/FirstFitLocalCombiningAllocator$Alignment;)I @ 60
Event: 21.776 Thread 0x0000000002d72800 Uncommon trap: reason=class_check action=maybe_recompile pc=0x000000000331c1dc method=java.util.Arrays.hashCode([Ljava/lang/Object;)I @ 43
Event: 21.776 Thread 0x0000000002d72800 Uncommon trap: reason=class_check action=maybe_recompile pc=0x000000000331c1dc method=java.util.Arrays.hashCode([Ljava/lang/Object;)I @ 43
Event: 21.776 Thread 0x0000000002d72800 Uncommon trap: reason=class_check action=maybe_recompile pc=0x000000000331c1dc method=java.util.Arrays.hashCode([Ljava/lang/Object;)I @ 43
Event: 21.776 Thread 0x0000000002d72800 Uncommon trap: reason=class_check action=maybe_recompile pc=0x000000000331c1dc method=java.util.Arrays.hashCode([Ljava/lang/Object;)I @ 43
Event: 21.776 Thread 0x0000000002d72800 Uncommon trap: reason=class_check action=maybe_recompile pc=0x00000000032dcb34 method=java.util.Arrays.hashCode([Ljava/lang/Object;)I @ 43

Classes redefined (0 events):
No events

Internal exceptions (6 events):
Event: 0.127 Thread 0x0000000002d72800 Exception <a 'java/lang/NoSuchMethodError': Method sun.misc.Unsafe.defineClass(Ljava/lang/String;[BII)Ljava/lang/Class; name or signature does not match> (0x00000000eab07cb0) thrown at [C:\re\workspace\8-2-build-windows-amd64-cygwin\jdk8u172\10810\hotspot
Event: 0.127 Thread 0x0000000002d72800 Exception <a 'java/lang/NoSuchMethodError': Method sun.misc.Unsafe.prefetchRead(Ljava/lang/Object;J)V name or signature does not match> (0x00000000eab07f98) thrown at [C:\re\workspace\8-2-build-windows-amd64-cygwin\jdk8u172\10810\hotspot\src\share\vm\prim
Event: 4.290 Thread 0x0000000017199800 Exception <a 'java/lang/ArrayIndexOutOfBoundsException': 18> (0x00000000f0384fd0) thrown at [C:\re\workspace\8-2-build-windows-amd64-cygwin\jdk8u172\10810\hotspot\src\share\vm\interpreter\interpreterRuntime.cpp, line 366]
Event: 4.291 Thread 0x0000000017199800 Exception <a 'java/lang/ArrayIndexOutOfBoundsException': 145> (0x00000000f0386b50) thrown at [C:\re\workspace\8-2-build-windows-amd64-cygwin\jdk8u172\10810\hotspot\src\share\vm\interpreter\interpreterRuntime.cpp, line 366]
Event: 4.293 Thread 0x0000000017199800 Exception <a 'java/lang/ArrayIndexOutOfBoundsException'> (0x00000000f0387e38) thrown at [C:\re\workspace\8-2-build-windows-amd64-cygwin\jdk8u172\10810\hotspot\src\share\vm\runtime\sharedRuntime.cpp, line 605]
Event: 5.724 Thread 0x0000000017199800 Implicit null exception at 0x00000000031af922 to 0x00000000031afa12

Events (10 events):
Event: 21.898 Thread 0x0000000002d72800 DEOPT PACKING pc=0x00000000032020ef sp=0x0000000002cdf160
Event: 21.898 Thread 0x0000000002d72800 DEOPT UNPACKING pc=0x0000000002eb7490 sp=0x0000000002cdef40 mode 0
Event: 21.905 Thread 0x0000000002d72800 DEOPT PACKING pc=0x0000000003050f14 sp=0x0000000002cdf050
Event: 21.905 Thread 0x0000000002d72800 DEOPT UNPACKING pc=0x0000000002eb7490 sp=0x0000000002cded70 mode 0
Event: 21.923 Thread 0x0000000002d72800 DEOPT PACKING pc=0x00000000038bdd84 sp=0x0000000002cdf280
Event: 21.923 Thread 0x0000000002d72800 DEOPT UNPACKING pc=0x0000000002eb7490 sp=0x0000000002cdf020 mode 0
Event: 21.977 loading class com/android/dx/dex/file/CatchStructs
Event: 21.977 loading class com/android/dx/dex/file/CatchStructs done
Event: 22.416 Thread 0x0000000002d72800 DEOPT PACKING pc=0x000000000328ce0d sp=0x0000000002cdf180
Event: 22.416 Thread 0x0000000002d72800 DEOPT UNPACKING pc=0x0000000002eb7490 sp=0x0000000002cdef38 mode 0


Dynamic libraries:
0x00007ff73fdd0000 - 0x00007ff73fe07000 	C:\Program Files\Java\jdk1.8.0_172\bin\java.exe
0x00007ffb79380000 - 0x00007ffb79561000 	C:\WINDOWS\SYSTEM32\ntdll.dll
0x00007ffb77440000 - 0x00007ffb774f2000 	C:\WINDOWS\System32\KERNEL32.DLL
0x00007ffb75750000 - 0x00007ffb759c3000 	C:\WINDOWS\System32\KERNELBASE.dll
0x00007ffb77c60000 - 0x00007ffb77d01000 	C:\WINDOWS\System32\ADVAPI32.dll
0x00007ffb77bc0000 - 0x00007ffb77c5e000 	C:\WINDOWS\System32\msvcrt.dll
0x00007ffb76fc0000 - 0x00007ffb7701b000 	C:\WINDOWS\System32\sechost.dll
0x00007ffb77890000 - 0x00007ffb779b4000 	C:\WINDOWS\System32\RPCRT4.dll
0x00007ffb76870000 - 0x00007ffb76a00000 	C:\WINDOWS\System32\USER32.dll
0x00007ffb75b50000 - 0x00007ffb75b70000 	C:\WINDOWS\System32\win32u.dll
0x00007ffb77860000 - 0x00007ffb77888000 	C:\WINDOWS\System32\GDI32.dll
0x00007ffb75b70000 - 0x00007ffb75d02000 	C:\WINDOWS\System32\gdi32full.dll
0x00007ffb759d0000 - 0x00007ffb75a6f000 	C:\WINDOWS\System32\msvcp_win.dll
0x00007ffb766c0000 - 0x00007ffb767ba000 	C:\WINDOWS\System32\ucrtbase.dll
0x00007ffb65440000 - 0x00007ffb656a9000 	C:\WINDOWS\WinSxS\amd64_microsoft.windows.common-controls_6595b64144ccf1df_6.0.17134.48_none_b4b2216a3cb4dd3e\COMCTL32.dll
0x00007ffb770f0000 - 0x00007ffb77413000 	C:\WINDOWS\System32\combase.dll
0x00007ffb75ad0000 - 0x00007ffb75b4a000 	C:\WINDOWS\System32\bcryptPrimitives.dll
0x00007ffb77510000 - 0x00007ffb7753d000 	C:\WINDOWS\System32\IMM32.DLL
0x0000000072930000 - 0x0000000072a02000 	C:\Program Files\Java\jdk1.8.0_172\jre\bin\msvcr100.dll
0x0000000072080000 - 0x0000000072923000 	C:\Program Files\Java\jdk1.8.0_172\jre\bin\server\jvm.dll
0x00007ffb77540000 - 0x00007ffb77548000 	C:\WINDOWS\System32\PSAPI.DLL
0x00007ffb701a0000 - 0x00007ffb701c3000 	C:\WINDOWS\SYSTEM32\WINMM.dll
0x00007ffb6df20000 - 0x00007ffb6df2a000 	C:\WINDOWS\SYSTEM32\VERSION.dll
0x00007ffb70170000 - 0x00007ffb7019a000 	C:\WINDOWS\SYSTEM32\WINMMBASE.dll
0x00007ffb767c0000 - 0x00007ffb76809000 	C:\WINDOWS\System32\cfgmgr32.dll
0x00007ffb71c90000 - 0x00007ffb71c99000 	C:\WINDOWS\SYSTEM32\WSOCK32.dll
0x00007ffb77020000 - 0x00007ffb7708c000 	C:\WINDOWS\System32\WS2_32.dll
0x0000000074e40000 - 0x0000000074e4f000 	C:\Program Files\Java\jdk1.8.0_172\jre\bin\verify.dll
0x0000000072050000 - 0x0000000072079000 	C:\Program Files\Java\jdk1.8.0_172\jre\bin\java.dll
0x0000000072030000 - 0x0000000072046000 	C:\Program Files\Java\jdk1.8.0_172\jre\bin\zip.dll
0x00007ffb77e90000 - 0x00007ffb792d0000 	C:\WINDOWS\System32\SHELL32.dll
0x00007ffb77b10000 - 0x00007ffb77bb9000 	C:\WINDOWS\System32\shcore.dll
0x00007ffb75d10000 - 0x00007ffb7641d000 	C:\WINDOWS\System32\windows.storage.dll
0x00007ffb77ab0000 - 0x00007ffb77b01000 	C:\WINDOWS\System32\shlwapi.dll
0x00007ffb75730000 - 0x00007ffb75741000 	C:\WINDOWS\System32\kernel.appcore.dll
0x00007ffb75710000 - 0x00007ffb7572f000 	C:\WINDOWS\System32\profapi.dll
0x00007ffb756b0000 - 0x00007ffb756fc000 	C:\WINDOWS\System32\powrprof.dll
0x00007ffb75700000 - 0x00007ffb7570a000 	C:\WINDOWS\System32\FLTLIB.DLL

VM Arguments:
jvm_args: -Xmx1G 
java_command: C:\Program Files (x86)\Android\android-sdk\build-tools\25.0.3\\lib\dx.jar --dex --no-strict --output obj\Release\android\bin C:\Users\ImmortaL\source\repos\prilogg\prilogg\prilogg.Android\obj\Release\android\bin\classes.zip C:\Program Files (x86)\Microsoft Visual Studio\2017\Community\Common7\IDE\ReferenceAssemblies\Microsoft\Framework\MonoAndroid\v8.1\mono.android.jar obj\Release\lp\0\jl\formsviewgroup.jar obj\Release\lp\17\jl\arch-core-common.jar obj\Release\lp\18\jl\arch-lifecycle-common.jar obj\Release\lp\19\jl\bin\classes.jar obj\Release\lp\20\jl\bin\classes.jar obj\Release\lp\22\jl\bin\classes.jar obj\Release\lp\23\jl\bin\classes.jar obj\Release\lp\24\jl\bin\classes.jar obj\Release\lp\25\jl\bin\classes.jar obj\Release\lp\26\jl\bin\classes.jar obj\Release\lp\27\jl\bin\classes.jar obj\Release\lp\28\jl\bin\classes.jar obj\Release\lp\29\jl\bin\classes.jar obj\Release\lp\30\jl\bin\classes.jar obj\Release\lp\31\jl\bin\classes.jar obj\Release\lp\32\jl\bin\classes.jar obj\Release\lp\33\jl\bin\classes.jar obj\Release\lp\34\jl\bin\classes.jar obj\Release\lp\35\jl\bin\classes.jar
java_class_path (initial): C:\Program Files (x86)\Android\android-sdk\build-tools\25.0.3\\lib\dx.jar
Launcher Type: SUN_STANDARD

Environment Variables:
PATH=C:\Program Files\Java\jdk1.8.0_172\bin;C:\Windows\system32;C:\Windows;C:\Windows\System32\Wbem;C:\Windows\System32\WindowsPowerShell\v1.0\;C:\Program Files (x86)\ATI Technologies\ATI.ACE\Core-Static;C:\Program Files (x86)\AMD\ATI.ACE\Core-Static;E:\MATLAB R2010b\runtime\win64;E:\MATLAB R2010b\bin;E:\runtime\win64;E:\bin;C:\Program Files\Microsoft SQL Server\110\Tools\Binn\;C:\Program Files (x86)\NVIDIA Corporation\PhysX\Common;C:\WINDOWS\system32;C:\WINDOWS;C:\WINDOWS\System32\Wbem;C:\WINDOWS\System32\WindowsPowerShell\v1.0\;C:\Program Files (x86)\Microsoft SQL Server\110\Tools\Binn\;C:\Program Files (x86)\Microsoft SQL Server\110\DTS\Binn\;C:\Program Files (x86)\Microsoft SQL Server\100\Tools\Binn\;C:\Program Files (x86)\Microsoft SQL Server\100\DTS\Binn\;C:\Program Files (x86)\Microsoft SQL Server\Client SDK\ODBC\130\Tools\Binn\;C:\Program Files (x86)\Microsoft SQL Server\140\Tools\Binn\;C:\Program Files (x86)\Microsoft SQL Server\140\DTS\Binn\;C:\Program Files (x86)\Microsoft SQL Server\140\Tools\Binn\ManagementStudio\;C:\Program Files\dotnet\;C:\Program Files\Microsoft SQL Server\130\Tools\Binn\;C:\WINDOWS\System32\OpenSSH\;C:\Users\ImmortaL\AppData\Local\Microsoft\WindowsApps;
USERNAME=ImmortaL
OS=Windows_NT
PROCESSOR_IDENTIFIER=Intel64 Family 6 Model 30 Stepping 5, GenuineIntel



---------------  S Y S T E M  ---------------

OS: Windows 10.0 , 64 bit Build 17134 (10.0.17134.1)

CPU:total 4 (initial active 4) (4 cores per cpu, 1 threads per core) family 6 model 30 stepping 5, cmov, cx8, fxsr, mmx, sse, sse2, sse3, ssse3, sse4.1, sse4.2, popcnt, tsc, tscinvbit

Memory: 4k page, physical 6256688k(319664k free), swap 12602080k(9292k free)

vm_info: Java HotSpot(TM) 64-Bit Server VM (25.172-b11) for windows-amd64 JRE (1.8.0_172-b11), built on Mar 28 2018 21:21:52 by "java_re" with MS VC++ 10.0 (VS2010)

time: Sun May 27 19:36:10 2018
elapsed time: 22 seconds (0d 0h 0m 22s)

