#
# A fatal error has been detected by the Java Runtime Environment:
#
#  EXCEPTION_ACCESS_VIOLATION (0xc0000005) at pc=0x00000000724838e6, pid=6496, tid=0x00000000000021e8
#
# JRE version: Java(TM) SE Runtime Environment (8.0_172-b11) (build 1.8.0_172-b11)
# Java VM: Java HotSpot(TM) 64-Bit Server VM (25.172-b11 mixed mode windows-amd64 compressed oops)
# Problematic frame:
# V  [jvm.dll+0x4038e6]
#
# Failed to write core dump. Minidumps are not enabled by default on client versions of Windows
#
# If you would like to submit a bug report, please visit:
#   http://bugreport.java.com/bugreport/crash.jsp
#

---------------  T H R E A D  ---------------

Current thread (0x0000000002b08000):  GCTaskThread [stack: 0x0000000012320000,0x0000000012420000] [id=8680]

siginfo: ExceptionCode=0xc0000005, reading address 0x0000003550fd4f20

Registers:
RAX=0x0000003550fd4f20, RBX=0x00000000f5698648, RCX=0x00000000f5698648, RDX=0x0000000100075da0
RSP=0x000000001241f570, RBP=0x0000000000000004, RSI=0x0000000002bdd1c0, RDI=0x00000000c2f71818
R8 =0x0000000000000004, R9 =0x0000000100075da0, R10=0x000000000000000c, R11=0x000000000000000c
R12=0x0000000011fc7b87, R13=0x0000003550fd4f20, R14=0x0000000000000000, R15=0x0000000002b02f10
RIP=0x00000000724838e6, EFLAGS=0x0000000000010202

Top of Stack: (sp=0x000000001241f570)
0x000000001241f570:   00000000f5696dd8 0000000002bdd1c0
0x000000001241f580:   0000000002bdd1c0 00000000c5a4971d
0x000000001241f590:   00000000ff7fa8e8 000000007248401b
0x000000001241f5a0:   00000000c7c695a8 0000000000000400
0x000000001241f5b0:   0000000000000000 0000000002bdd100
0x000000001241f5c0:   0000000011fc7b87 0000000072483c40
0x000000001241f5d0:   00000000ff801210 0000000011fc7c01
0x000000001241f5e0:   0000000002bdd1c0 00000000c2f71818
0x000000001241f5f0:   00000000ff801210 00000000724847e5
0x000000001241f600:   00000000f569bc90 0000000011fc7c01
0x000000001241f610:   0000000002bdd1c0 0000000000000007
0x000000001241f620:   0000000002bdd1c0 00007ffb7578e0e2
0x000000001241f630:   00000000c14f67dc 0000000072195b37
0x000000001241f640:   0000000002bdd1c0 0000000072193cf3
0x000000001241f650:   00000000c2f71579 00000000c2f71579
0x000000001241f660:   00000000c2f70e80 0000000072195b37 

Instructions: (pc=0x00000000724838e6)
0x00000000724838c6:   48 8b 52 08 48 8b cb e8 2e cf ca ff 48 63 e8 41
0x00000000724838d6:   0f b6 c5 f6 d0 a8 01 49 8b c5 74 06 48 83 e0 fd
0x00000000724838e6:   8b 00 48 c1 e8 03 83 e0 0f 3b 05 23 04 42 00 0f
0x00000000724838f6:   83 11 01 00 00 48 8b d5 48 8b ce e8 3a fa ff ff 


Register to memory mapping:

RAX=0x0000003550fd4f20 is an unknown value
RBX=0x00000000f5698648 is an oop
com.android.dx.rop.code.PlainInsn 
 - klass: 'com/android/dx/rop/code/PlainInsn'
RCX=0x00000000f5698648 is an oop
com.android.dx.rop.code.PlainInsn 
 - klass: 'com/android/dx/rop/code/PlainInsn'
RDX=0x0000000100075da0 is pointing into metadata
RSP=0x000000001241f570 is an unknown value
RBP=0x0000000000000004 is an unknown value
RSI=0x0000000002bdd1c0 is an unknown value
RDI=0x00000000c2f71818 is an oop
com.android.dx.rop.code.BasicBlock 
 - klass: 'com/android/dx/rop/code/BasicBlock'
R8 =0x0000000000000004 is an unknown value
R9 =0x0000000100075da0 is pointing into metadata
R10=0x000000000000000c is an unknown value
R11=0x000000000000000c is an unknown value
R12=0x0000000011fc7b87 is an unknown value
R13=0x0000003550fd4f20 is an unknown value
R14=0x0000000000000000 is an unknown value
R15=0x0000000002b02f10 is an unknown value


Stack: [0x0000000012320000,0x0000000012420000],  sp=0x000000001241f570,  free space=1021k
Native frames: (J=compiled Java code, j=interpreted, Vv=VM code, C=native code)
V  [jvm.dll+0x4038e6]
V  [jvm.dll+0x403c40]
V  [jvm.dll+0x4047e5]
V  [jvm.dll+0x3f42df]
V  [jvm.dll+0x4067d2]
V  [jvm.dll+0x3f5aae]
V  [jvm.dll+0x29ee4a]
C  [msvcr100.dll+0x21d9f]
C  [msvcr100.dll+0x21e3b]
C  [KERNEL32.DLL+0x13034]
C  [ntdll.dll+0x71551]


---------------  P R O C E S S  ---------------

Java Threads: ( => current thread )
  0x0000000016f02000 JavaThread "pool-2-thread-1" [_thread_blocked, id=15496, stack(0x0000000017320000,0x0000000017420000)]
  0x0000000016f01800 JavaThread "pool-1-thread-1" [_thread_blocked, id=7772, stack(0x0000000017220000,0x0000000017320000)]
  0x0000000016c30800 JavaThread "Service Thread" daemon [_thread_blocked, id=688, stack(0x0000000017020000,0x0000000017120000)]
  0x00000000152d5800 JavaThread "C1 CompilerThread2" daemon [_thread_blocked, id=12556, stack(0x0000000016b20000,0x0000000016c20000)]
  0x00000000152cf800 JavaThread "C2 CompilerThread1" daemon [_thread_blocked, id=5064, stack(0x0000000016a20000,0x0000000016b20000)]
  0x00000000152cc000 JavaThread "C2 CompilerThread0" daemon [_thread_blocked, id=2032, stack(0x0000000016920000,0x0000000016a20000)]
  0x00000000152c7000 JavaThread "Attach Listener" daemon [_thread_blocked, id=1228, stack(0x0000000016820000,0x0000000016920000)]
  0x00000000152c5800 JavaThread "Signal Dispatcher" daemon [_thread_blocked, id=13460, stack(0x0000000016720000,0x0000000016820000)]
  0x0000000002bec000 JavaThread "Finalizer" daemon [_thread_blocked, id=10932, stack(0x0000000016520000,0x0000000016620000)]
  0x0000000002be3000 JavaThread "Reference Handler" daemon [_thread_blocked, id=10320, stack(0x0000000016420000,0x0000000016520000)]
  0x0000000002af2800 JavaThread "main" [_thread_blocked, id=15016, stack(0x00000000029f0000,0x0000000002af0000)]

Other Threads:
  0x0000000015287000 VMThread [stack: 0x0000000016320000,0x0000000016420000] [id=10860]
  0x000000001531e800 WatcherThread [stack: 0x0000000017120000,0x0000000017220000] [id=16200]

=>0x0000000002b08000 (exited) GCTaskThread [stack: 0x0000000012320000,0x0000000012420000] [id=8680]

VM state:at safepoint (normal execution)

VM Mutex/Monitor currently owned by a thread:  ([mutex/lock_event])
[0x00000000029ee7d0] Threads_lock - owner thread: 0x0000000015287000
[0x00000000029ee450] Heap_lock - owner thread: 0x0000000016f01800

Heap:
 PSYoungGen      total 287744K, used 287733K [0x00000000eab00000, 0x0000000100000000, 0x0000000100000000)
  eden space 236032K, 100% used [0x00000000eab00000,0x00000000f9180000,0x00000000f9180000)
  from space 51712K, 99% used [0x00000000f9180000,0x00000000fc3fd770,0x00000000fc400000)
  to   space 61440K, 94% used [0x00000000fc400000,0x00000000ffcc2908,0x0000000100000000)
 ParOldGen       total 699392K, used 127533K [0x00000000c0000000, 0x00000000eab00000, 0x00000000eab00000)
  object space 699392K, 18% used [0x00000000c0000000,0x00000000c7c8b5a8,0x00000000eab00000)
 Metaspace       used 6717K, capacity 7320K, committed 7680K, reserved 1056768K
  class space    used 638K, capacity 656K, committed 768K, reserved 1048576K

Card table byte_map: [0x0000000011fb0000,0x00000000121c0000] byte_map_base: 0x00000000119b0000

Marking Bits: (ParMarkBitMap*) 0x00000000728a3c10
 Begin Bits: [0x0000000012720000, 0x0000000013720000)
 End Bits:   [0x0000000013720000, 0x0000000014720000)

Polling page: 0x0000000000b50000

CodeCache: size=245760Kb used=13270Kb max_used=13270Kb free=232489Kb
 bounds [0x0000000002bf0000, 0x0000000003900000, 0x0000000011bf0000]
 total_blobs=2878 nmethods=2606 adapters=183
 compilation: enabled

Compilation events (10 events):
Event: 10.673 Thread 0x00000000152cc000 nmethod 2634 0x00000000038e2dd0 code [0x00000000038e3000, 0x00000000038e4450]
Event: 10.674 Thread 0x00000000152cc000 2639       4       com.android.dx.ssa.SsaConverter::edgeSplitMoveExceptionsAndResults (157 bytes)
Event: 10.704 Thread 0x00000000152d5800 2651       2       com.android.dx.cf.direct.StdAttributeFactory::enclosingMethod (156 bytes)
Event: 10.706 Thread 0x00000000152d5800 nmethod 2651 0x00000000038e60d0 code [0x00000000038e64a0, 0x00000000038e7aa8]
Event: 10.706 Thread 0x00000000152d5800 2652       2       com.android.dx.cf.attrib.AttEnclosingMethod::<init> (31 bytes)
Event: 10.706 Thread 0x00000000152d5800 nmethod 2652 0x00000000038c8050 code [0x00000000038c81c0, 0x00000000038c8408]
Event: 10.737 Thread 0x00000000152d5800 2654       2       com.android.dx.dex.code.RopTranslator::outputBlock (202 bytes)
Event: 10.738 Thread 0x00000000152d5800 nmethod 2654 0x00000000038e0d10 code [0x00000000038e0fc0, 0x00000000038e1a28]
Event: 10.821 Thread 0x00000000152d5800 2655       2       com.android.dx.cf.code.Ropper$ExceptionSetupLabelAllocator::getNextLabel (31 bytes)
Event: 10.822 Thread 0x00000000152d5800 nmethod 2655 0x00000000038e08d0 code [0x00000000038e0a40, 0x00000000038e0c48]

GC Heap History (10 events):
Event: 3.368 GC heap after
Heap after GC invocations=8 (full 0):
 PSYoungGen      total 212992K, used 27633K [0x00000000eab00000, 0x00000000fa800000, 0x0000000100000000)
  eden space 185344K, 0% used [0x00000000eab00000,0x00000000eab00000,0x00000000f6000000)
  from space 27648K, 99% used [0x00000000f8100000,0x00000000f9bfc4b0,0x00000000f9c00000)
  to   space 33792K, 0% used [0x00000000f6000000,0x00000000f6000000,0x00000000f8100000)
 ParOldGen       total 65536K, used 42161K [0x00000000c0000000, 0x00000000c4000000, 0x00000000eab00000)
  object space 65536K, 64% used [0x00000000c0000000,0x00000000c292c5e8,0x00000000c4000000)
 Metaspace       used 6642K, capacity 7256K, committed 7424K, reserved 1056768K
  class space    used 637K, capacity 656K, committed 768K, reserved 1048576K
}
Event: 4.426 GC heap before
{Heap before GC invocations=9 (full 0):
 PSYoungGen      total 212992K, used 212977K [0x00000000eab00000, 0x00000000fa800000, 0x0000000100000000)
  eden space 185344K, 100% used [0x00000000eab00000,0x00000000f6000000,0x00000000f6000000)
  from space 27648K, 99% used [0x00000000f8100000,0x00000000f9bfc4b0,0x00000000f9c00000)
  to   space 33792K, 0% used [0x00000000f6000000,0x00000000f6000000,0x00000000f8100000)
 ParOldGen       total 65536K, used 42161K [0x00000000c0000000, 0x00000000c4000000, 0x00000000eab00000)
  object space 65536K, 64% used [0x00000000c0000000,0x00000000c292c5e8,0x00000000c4000000)
 Metaspace       used 6687K, capacity 7256K, committed 7424K, reserved 1056768K
  class space    used 637K, capacity 656K, committed 768K, reserved 1048576K
Event: 4.662 GC heap after
Heap after GC invocations=9 (full 0):
 PSYoungGen      total 219136K, used 33773K [0x00000000eab00000, 0x0000000100000000, 0x0000000100000000)
  eden space 185344K, 0% used [0x00000000eab00000,0x00000000eab00000,0x00000000f6000000)
  from space 33792K, 99% used [0x00000000f6000000,0x00000000f80fb568,0x00000000f8100000)
  to   space 47616K, 0% used [0x00000000fd180000,0x00000000fd180000,0x0000000100000000)
 ParOldGen       total 65536K, used 62659K [0x00000000c0000000, 0x00000000c4000000, 0x00000000eab00000)
  object space 65536K, 95% used [0x00000000c0000000,0x00000000c3d30e60,0x00000000c4000000)
 Metaspace       used 6687K, capacity 7256K, committed 7424K, reserved 1056768K
  class space    used 637K, capacity 656K, committed 768K, reserved 1048576K
}
Event: 4.662 GC heap before
{Heap before GC invocations=10 (full 1):
 PSYoungGen      total 219136K, used 33773K [0x00000000eab00000, 0x0000000100000000, 0x0000000100000000)
  eden space 185344K, 0% used [0x00000000eab00000,0x00000000eab00000,0x00000000f6000000)
  from space 33792K, 99% used [0x00000000f6000000,0x00000000f80fb568,0x00000000f8100000)
  to   space 47616K, 0% used [0x00000000fd180000,0x00000000fd180000,0x0000000100000000)
 ParOldGen       total 65536K, used 62659K [0x00000000c0000000, 0x00000000c4000000, 0x00000000eab00000)
  object space 65536K, 95% used [0x00000000c0000000,0x00000000c3d30e60,0x00000000c4000000)
 Metaspace       used 6687K, capacity 7256K, committed 7424K, reserved 1056768K
  class space    used 637K, capacity 656K, committed 768K, reserved 1048576K
Event: 5.576 GC heap after
Heap after GC invocations=10 (full 1):
 PSYoungGen      total 219136K, used 25006K [0x00000000eab00000, 0x0000000100000000, 0x0000000100000000)
  eden space 185344K, 0% used [0x00000000eab00000,0x00000000eab00000,0x00000000f6000000)
  from space 33792K, 74% used [0x00000000f6000000,0x00000000f786bba0,0x00000000f8100000)
  to   space 47616K, 0% used [0x00000000fd180000,0x00000000fd180000,0x0000000100000000)
 ParOldGen       total 124416K, used 65529K [0x00000000c0000000, 0x00000000c7980000, 0x00000000eab00000)
  object space 124416K, 52% used [0x00000000c0000000,0x00000000c3ffe518,0x00000000c7980000)
 Metaspace       used 6687K, capacity 7256K, committed 7424K, reserved 1056768K
  class space    used 637K, capacity 656K, committed 768K, reserved 1048576K
}
Event: 6.436 GC heap before
{Heap before GC invocations=11 (full 1):
 PSYoungGen      total 219136K, used 210350K [0x00000000eab00000, 0x0000000100000000, 0x0000000100000000)
  eden space 185344K, 100% used [0x00000000eab00000,0x00000000f6000000,0x00000000f6000000)
  from space 33792K, 74% used [0x00000000f6000000,0x00000000f786bba0,0x00000000f8100000)
  to   space 47616K, 0% used [0x00000000fd180000,0x00000000fd180000,0x0000000100000000)
 ParOldGen       total 124416K, used 65529K [0x00000000c0000000, 0x00000000c7980000, 0x00000000eab00000)
  object space 124416K, 52% used [0x00000000c0000000,0x00000000c3ffe518,0x00000000c7980000)
 Metaspace       used 6704K, capacity 7320K, committed 7680K, reserved 1056768K
  class space    used 637K, capacity 656K, committed 768K, reserved 1048576K
Event: 6.639 GC heap after
Heap after GC invocations=11 (full 1):
 PSYoungGen      total 267776K, used 37644K [0x00000000eab00000, 0x00000000ff680000, 0x0000000100000000)
  eden space 229888K, 0% used [0x00000000eab00000,0x00000000eab00000,0x00000000f8b80000)
  from space 37888K, 99% used [0x00000000fd180000,0x00000000ff643330,0x00000000ff680000)
  to   space 51712K, 0% used [0x00000000f9180000,0x00000000f9180000,0x00000000fc400000)
 ParOldGen       total 124416K, used 78634K [0x00000000c0000000, 0x00000000c7980000, 0x00000000eab00000)
  object space 124416K, 63% used [0x00000000c0000000,0x00000000c4ccab30,0x00000000c7980000)
 Metaspace       used 6704K, capacity 7320K, committed 7680K, reserved 1056768K
  class space    used 637K, capacity 656K, committed 768K, reserved 1048576K
}
Event: 9.467 GC heap before
{Heap before GC invocations=12 (full 1):
 PSYoungGen      total 267776K, used 267532K [0x00000000eab00000, 0x00000000ff680000, 0x0000000100000000)
  eden space 229888K, 100% used [0x00000000eab00000,0x00000000f8b80000,0x00000000f8b80000)
  from space 37888K, 99% used [0x00000000fd180000,0x00000000ff643330,0x00000000ff680000)
  to   space 51712K, 0% used [0x00000000f9180000,0x00000000f9180000,0x00000000fc400000)
 ParOldGen       total 124416K, used 78634K [0x00000000c0000000, 0x00000000c7980000, 0x00000000eab00000)
  object space 124416K, 63% used [0x00000000c0000000,0x00000000c4ccab30,0x00000000c7980000)
 Metaspace       used 6708K, capacity 7320K, committed 7680K, reserved 1056768K
  class space    used 638K, capacity 656K, committed 768K, reserved 1048576K
Event: 9.658 GC heap after
Heap after GC invocations=12 (full 1):
 PSYoungGen      total 287744K, used 51701K [0x00000000eab00000, 0x0000000100000000, 0x0000000100000000)
  eden space 236032K, 0% used [0x00000000eab00000,0x00000000eab00000,0x00000000f9180000)
  from space 51712K, 99% used [0x00000000f9180000,0x00000000fc3fd770,0x00000000fc400000)
  to   space 61440K, 0% used [0x00000000fc400000,0x00000000fc400000,0x0000000100000000)
 ParOldGen       total 124416K, used 98025K [0x00000000c0000000, 0x00000000c7980000, 0x00000000eab00000)
  object space 124416K, 78% used [0x00000000c0000000,0x00000000c5fba560,0x00000000c7980000)
 Metaspace       used 6708K, capacity 7320K, committed 7680K, reserved 1056768K
  class space    used 638K, capacity 656K, committed 768K, reserved 1048576K
}
Event: 10.839 GC heap before
{Heap before GC invocations=13 (full 1):
 PSYoungGen      total 287744K, used 287733K [0x00000000eab00000, 0x0000000100000000, 0x0000000100000000)
  eden space 236032K, 100% used [0x00000000eab00000,0x00000000f9180000,0x00000000f9180000)
  from space 51712K, 99% used [0x00000000f9180000,0x00000000fc3fd770,0x00000000fc400000)
  to   space 61440K, 0% used [0x00000000fc400000,0x00000000fc400000,0x0000000100000000)
 ParOldGen       total 124416K, used 98025K [0x00000000c0000000, 0x00000000c7980000, 0x00000000eab00000)
  object space 124416K, 78% used [0x00000000c0000000,0x00000000c5fba560,0x00000000c7980000)
 Metaspace       used 6717K, capacity 7320K, committed 7680K, reserved 1056768K
  class space    used 638K, capacity 656K, committed 768K, reserved 1048576K

Deoptimization events (10 events):
Event: 6.090 Thread 0x0000000016f01800 Uncommon trap: reason=unstable_if action=reinterpret pc=0x0000000003666e50 method=com.android.dx.ssa.LiteralOpUpgrader$1.visitNonMoveInsn(Lcom/android/dx/ssa/NormalSsaInsn;)V @ 151
Event: 7.774 Thread 0x0000000002af2800 Uncommon trap: reason=unstable_if action=reinterpret pc=0x0000000003718108 method=com.android.dx.ssa.NormalSsaInsn.getLocalAssignment()Lcom/android/dx/rop/code/RegisterSpec; @ 12
Event: 7.793 Thread 0x0000000002af2800 Uncommon trap: reason=unstable_if action=reinterpret pc=0x0000000003045738 method=com.android.dx.ssa.NormalSsaInsn.getLocalAssignment()Lcom/android/dx/rop/code/RegisterSpec; @ 12
Event: 8.754 Thread 0x0000000002af2800 Uncommon trap: reason=unstable_if action=reinterpret pc=0x00000000037901ac method=com.android.dx.ssa.InterferenceRegisterMapper.interferes(III)Z @ 35
Event: 8.754 Thread 0x0000000002af2800 Uncommon trap: reason=unstable_if action=reinterpret pc=0x00000000036d1e58 method=com.android.dx.ssa.InterferenceRegisterMapper.interferes(III)Z @ 35
Event: 8.976 Thread 0x0000000016f01800 Uncommon trap: reason=unstable_if action=reinterpret pc=0x00000000037a16a8 method=com.android.dx.ssa.SsaConverter.edgeSplitMoveExceptionsAndResults(Lcom/android/dx/ssa/SsaMethod;)V @ 57
Event: 9.323 Thread 0x0000000002af2800 Uncommon trap: reason=bimorphic action=maybe_recompile pc=0x00000000037dbdec method=java.util.HashMap.putVal(ILjava/lang/Object;Ljava/lang/Object;ZZ)Ljava/lang/Object; @ 203
Event: 9.812 Thread 0x0000000016f01800 Uncommon trap: reason=bimorphic action=maybe_recompile pc=0x00000000037dbe3c method=java.util.HashMap.putVal(ILjava/lang/Object;Ljava/lang/Object;ZZ)Ljava/lang/Object; @ 203
Event: 9.899 Thread 0x0000000002af2800 Uncommon trap: reason=unstable_if action=reinterpret pc=0x00000000037da8ec method=java.util.HashMap.putVal(ILjava/lang/Object;Ljava/lang/Object;ZZ)Ljava/lang/Object; @ 94
Event: 10.192 Thread 0x0000000002af2800 Uncommon trap: reason=unstable_if action=reinterpret pc=0x00000000036fd5a8 method=com.android.dx.dex.code.OutputFinisher.hasLocalInfo(Lcom/android/dx/dex/code/DalvInsn;)Z @ 24

Classes redefined (0 events):
No events

Internal exceptions (7 events):
Event: 0.120 Thread 0x0000000002af2800 Exception <a 'java/lang/NoSuchMethodError': Method sun.misc.Unsafe.defineClass(Ljava/lang/String;[BII)Ljava/lang/Class; name or signature does not match> (0x00000000eab07cb0) thrown at [C:\re\workspace\8-2-build-windows-amd64-cygwin\jdk8u172\10810\hotspot
Event: 0.120 Thread 0x0000000002af2800 Exception <a 'java/lang/NoSuchMethodError': Method sun.misc.Unsafe.prefetchRead(Ljava/lang/Object;J)V name or signature does not match> (0x00000000eab07f98) thrown at [C:\re\workspace\8-2-build-windows-amd64-cygwin\jdk8u172\10810\hotspot\src\share\vm\prim
Event: 2.297 Thread 0x0000000002af2800 Exception <a 'java/lang/ArrayIndexOutOfBoundsException': 18> (0x00000000edb44bc0) thrown at [C:\re\workspace\8-2-build-windows-amd64-cygwin\jdk8u172\10810\hotspot\src\share\vm\interpreter\interpreterRuntime.cpp, line 366]
Event: 2.298 Thread 0x0000000002af2800 Exception <a 'java/lang/ArrayIndexOutOfBoundsException': 145> (0x00000000edb46740) thrown at [C:\re\workspace\8-2-build-windows-amd64-cygwin\jdk8u172\10810\hotspot\src\share\vm\interpreter\interpreterRuntime.cpp, line 366]
Event: 2.300 Thread 0x0000000002af2800 Exception <a 'java/lang/ArrayIndexOutOfBoundsException'> (0x00000000edb47a28) thrown at [C:\re\workspace\8-2-build-windows-amd64-cygwin\jdk8u172\10810\hotspot\src\share\vm\runtime\sharedRuntime.cpp, line 605]
Event: 2.808 Thread 0x0000000002af2800 Implicit null exception at 0x0000000002e9df62 to 0x0000000002e9e052
Event: 2.924 Thread 0x0000000002af2800 Implicit null exception at 0x0000000003319b7e to 0x000000000331a429

Events (10 events):
Event: 10.591 Thread 0x0000000002af2800 DEOPT UNPACKING pc=0x0000000002c37490 sp=0x0000000002aee430 mode 0
Event: 10.592 Thread 0x0000000002af2800 DEOPT PACKING pc=0x000000000316a6e4 sp=0x0000000002aee520
Event: 10.592 Thread 0x0000000002af2800 DEOPT UNPACKING pc=0x0000000002c37490 sp=0x0000000002aee2e0 mode 0
Event: 10.669 Thread 0x0000000016f01800 DEOPT PACKING pc=0x00000000037b1260 sp=0x000000001731eb80
Event: 10.669 Thread 0x0000000016f01800 DEOPT UNPACKING pc=0x0000000002c37490 sp=0x000000001731e910 mode 0
Event: 10.681 Thread 0x0000000002af2800 DEOPT PACKING pc=0x0000000003174616 sp=0x0000000002aee650
Event: 10.681 Thread 0x0000000002af2800 DEOPT UNPACKING pc=0x0000000002c37490 sp=0x0000000002aee410 mode 0
Event: 10.738 Thread 0x0000000002af2800 DEOPT PACKING pc=0x000000000385f80f sp=0x0000000002aee220
Event: 10.738 Thread 0x0000000002af2800 DEOPT UNPACKING pc=0x0000000002c37490 sp=0x0000000002aedfc0 mode 0
Event: 10.839 Executing VM operation: ParallelGCFailedAllocation


Dynamic libraries:
0x00007ff72a390000 - 0x00007ff72a3c7000 	C:\Program Files\Java\jdk1.8.0_172\bin\java.exe
0x00007ffb79380000 - 0x00007ffb79561000 	C:\WINDOWS\SYSTEM32\ntdll.dll
0x00007ffb77440000 - 0x00007ffb774f2000 	C:\WINDOWS\System32\KERNEL32.DLL
0x00007ffb75750000 - 0x00007ffb759c3000 	C:\WINDOWS\System32\KERNELBASE.dll
0x00007ffb77c60000 - 0x00007ffb77d01000 	C:\WINDOWS\System32\ADVAPI32.dll
0x00007ffb77bc0000 - 0x00007ffb77c5e000 	C:\WINDOWS\System32\msvcrt.dll
0x00007ffb76fc0000 - 0x00007ffb7701b000 	C:\WINDOWS\System32\sechost.dll
0x00007ffb77890000 - 0x00007ffb779b4000 	C:\WINDOWS\System32\RPCRT4.dll
0x00007ffb76870000 - 0x00007ffb76a00000 	C:\WINDOWS\System32\USER32.dll
0x00007ffb75b50000 - 0x00007ffb75b70000 	C:\WINDOWS\System32\win32u.dll
0x00007ffb77860000 - 0x00007ffb77888000 	C:\WINDOWS\System32\GDI32.dll
0x00007ffb75b70000 - 0x00007ffb75d02000 	C:\WINDOWS\System32\gdi32full.dll
0x00007ffb759d0000 - 0x00007ffb75a6f000 	C:\WINDOWS\System32\msvcp_win.dll
0x00007ffb766c0000 - 0x00007ffb767ba000 	C:\WINDOWS\System32\ucrtbase.dll
0x00007ffb65440000 - 0x00007ffb656a9000 	C:\WINDOWS\WinSxS\amd64_microsoft.windows.common-controls_6595b64144ccf1df_6.0.17134.48_none_b4b2216a3cb4dd3e\COMCTL32.dll
0x00007ffb770f0000 - 0x00007ffb77413000 	C:\WINDOWS\System32\combase.dll
0x00007ffb75ad0000 - 0x00007ffb75b4a000 	C:\WINDOWS\System32\bcryptPrimitives.dll
0x00007ffb77510000 - 0x00007ffb7753d000 	C:\WINDOWS\System32\IMM32.DLL
0x0000000072930000 - 0x0000000072a02000 	C:\Program Files\Java\jdk1.8.0_172\jre\bin\msvcr100.dll
0x0000000072080000 - 0x0000000072923000 	C:\Program Files\Java\jdk1.8.0_172\jre\bin\server\jvm.dll
0x00007ffb77540000 - 0x00007ffb77548000 	C:\WINDOWS\System32\PSAPI.DLL
0x00007ffb6df20000 - 0x00007ffb6df2a000 	C:\WINDOWS\SYSTEM32\VERSION.dll
0x00007ffb701a0000 - 0x00007ffb701c3000 	C:\WINDOWS\SYSTEM32\WINMM.dll
0x00007ffb70170000 - 0x00007ffb7019a000 	C:\WINDOWS\SYSTEM32\winmmbase.dll
0x00007ffb767c0000 - 0x00007ffb76809000 	C:\WINDOWS\System32\cfgmgr32.dll
0x00007ffb6a750000 - 0x00007ffb6a759000 	C:\WINDOWS\SYSTEM32\WSOCK32.dll
0x00007ffb77020000 - 0x00007ffb7708c000 	C:\WINDOWS\System32\WS2_32.dll
0x0000000072070000 - 0x000000007207f000 	C:\Program Files\Java\jdk1.8.0_172\jre\bin\verify.dll
0x0000000072040000 - 0x0000000072069000 	C:\Program Files\Java\jdk1.8.0_172\jre\bin\java.dll
0x0000000072020000 - 0x0000000072036000 	C:\Program Files\Java\jdk1.8.0_172\jre\bin\zip.dll
0x00007ffb77e90000 - 0x00007ffb792d0000 	C:\WINDOWS\System32\SHELL32.dll
0x00007ffb77b10000 - 0x00007ffb77bb9000 	C:\WINDOWS\System32\shcore.dll
0x00007ffb75d10000 - 0x00007ffb7641d000 	C:\WINDOWS\System32\windows.storage.dll
0x00007ffb77ab0000 - 0x00007ffb77b01000 	C:\WINDOWS\System32\shlwapi.dll
0x00007ffb75730000 - 0x00007ffb75741000 	C:\WINDOWS\System32\kernel.appcore.dll
0x00007ffb75710000 - 0x00007ffb7572f000 	C:\WINDOWS\System32\profapi.dll
0x00007ffb756b0000 - 0x00007ffb756fc000 	C:\WINDOWS\System32\powrprof.dll
0x00007ffb75700000 - 0x00007ffb7570a000 	C:\WINDOWS\System32\FLTLIB.DLL
0x00007ffb75050000 - 0x00007ffb75219000 	C:\WINDOWS\SYSTEM32\dbghelp.dll

VM Arguments:
jvm_args: -Xmx1G 
java_command: C:\Program Files (x86)\Android\android-sdk\build-tools\25.0.3\\lib\dx.jar --dex --no-strict --output obj\Debug\android\bin C:\Users\ImmortaL\source\repos\prilogg\prilogg\prilogg.Android\obj\Debug\android\bin\classes.zip C:\Program Files (x86)\Microsoft Visual Studio\2017\Community\Common7\IDE\ReferenceAssemblies\Microsoft\Framework\MonoAndroid\v8.1\mono.android.jar obj\Debug\lp\0\jl\formsviewgroup.jar obj\Debug\lp\17\jl\arch-core-common.jar obj\Debug\lp\18\jl\arch-lifecycle-common.jar obj\Debug\lp\19\jl\bin\classes.jar obj\Debug\lp\20\jl\bin\classes.jar obj\Debug\lp\22\jl\bin\classes.jar obj\Debug\lp\23\jl\bin\classes.jar obj\Debug\lp\24\jl\bin\classes.jar obj\Debug\lp\25\jl\bin\classes.jar obj\Debug\lp\26\jl\bin\classes.jar obj\Debug\lp\27\jl\bin\classes.jar obj\Debug\lp\28\jl\bin\classes.jar obj\Debug\lp\29\jl\bin\classes.jar obj\Debug\lp\30\jl\bin\classes.jar obj\Debug\lp\31\jl\bin\classes.jar obj\Debug\lp\32\jl\bin\classes.jar obj\Debug\lp\33\jl\bin\classes.jar obj\Debug\lp\34\jl\bin\classes.jar obj\Debug\lp\35\jl\bin\classes.jar
java_class_path (initial): C:\Program Files (x86)\Android\android-sdk\build-tools\25.0.3\\lib\dx.jar
Launcher Type: SUN_STANDARD

Environment Variables:
PATH=C:\Program Files\Java\jdk1.8.0_172\bin;C:\Windows\system32;C:\Windows;C:\Windows\System32\Wbem;C:\Windows\System32\WindowsPowerShell\v1.0\;C:\Program Files (x86)\ATI Technologies\ATI.ACE\Core-Static;C:\Program Files (x86)\AMD\ATI.ACE\Core-Static;E:\MATLAB R2010b\runtime\win64;E:\MATLAB R2010b\bin;E:\runtime\win64;E:\bin;C:\Program Files\Microsoft SQL Server\110\Tools\Binn\;C:\Program Files (x86)\NVIDIA Corporation\PhysX\Common;C:\WINDOWS\system32;C:\WINDOWS;C:\WINDOWS\System32\Wbem;C:\WINDOWS\System32\WindowsPowerShell\v1.0\;C:\Program Files (x86)\Microsoft SQL Server\110\Tools\Binn\;C:\Program Files (x86)\Microsoft SQL Server\110\DTS\Binn\;C:\Program Files (x86)\Microsoft SQL Server\100\Tools\Binn\;C:\Program Files (x86)\Microsoft SQL Server\100\DTS\Binn\;C:\Program Files (x86)\Microsoft SQL Server\Client SDK\ODBC\130\Tools\Binn\;C:\Program Files (x86)\Microsoft SQL Server\140\Tools\Binn\;C:\Program Files (x86)\Microsoft SQL Server\140\DTS\Binn\;C:\Program Files (x86)\Microsoft SQL Server\140\Tools\Binn\ManagementStudio\;C:\Program Files\dotnet\;C:\Program Files\Microsoft SQL Server\130\Tools\Binn\;C:\WINDOWS\System32\OpenSSH\;C:\Users\ImmortaL\AppData\Local\Microsoft\WindowsApps;
USERNAME=ImmortaL
OS=Windows_NT
PROCESSOR_IDENTIFIER=Intel64 Family 6 Model 30 Stepping 5, GenuineIntel



---------------  S Y S T E M  ---------------

OS: Windows 10.0 , 64 bit Build 17134 (10.0.17134.1)

CPU:total 4 (initial active 4) (4 cores per cpu, 1 threads per core) family 6 model 30 stepping 5, cmov, cx8, fxsr, mmx, sse, sse2, sse3, ssse3, sse4.1, sse4.2, popcnt, tsc, tscinvbit

Memory: 4k page, physical 6256688k(448044k free), swap 11863512k(54292k free)

vm_info: Java HotSpot(TM) 64-Bit Server VM (25.172-b11) for windows-amd64 JRE (1.8.0_172-b11), built on Mar 28 2018 21:21:52 by "java_re" with MS VC++ 10.0 (VS2010)

time: Mon May 28 07:08:22 2018
elapsed time: 10 seconds (0d 0h 0m 10s)

